<?xml version="1.0" encoding="UTF-8"?>
<!-- Generated by org.testng.reporters.JUnitReportReporter -->
<testsuite hostname="Leonids-MacBook-Air.local" failures="0" tests="8" name="scripts.TechGlobalValidationLoginFormCard" time="47.199" errors="0" timestamp="2023-05-05T15:56:53 EDT" skipped="0">
  <testcase classname="scripts.TechGlobalValidationLoginFormCard" name="validateTechGlobalLoginFormCard" time="5.542"/>
  <system-out/>
  <testcase classname="scripts.TechGlobalValidationLoginFormCard" name="validateTechGlobalLoginFormCardValidLogin" time="5.127"/>
  <system-out/>
  <testcase classname="scripts.TechGlobalValidationLoginFormCard" name="validateLoginFormCardAndLogout" time="4.959"/>
  <system-out/>
  <testcase classname="scripts.TechGlobalValidationLoginFormCard" name="validateForgotPasswordLinkAndReset" time="7.263"/>
  <system-out/>
  <testcase classname="scripts.TechGlobalValidationLoginFormCard" name="validateTGLoginFormCardResetPasswordLink" time="4.948"/>
  <system-out/>
  <testcase classname="scripts.TechGlobalValidationLoginFormCard" name="validateTGInvalidLoginWithWrongUsername" time="5.013"/>
  <system-out/>
  <testcase classname="scripts.TechGlobalValidationLoginFormCard" name="validateTGInvalidLoginWithWrongPassword" time="5.536"/>
  <system-out/>
  <testcase classname="scripts.TechGlobalValidationLoginFormCard" name="validateTGInvalidLoginWithWrongBothCredentials" time="8.811"/>
  <system-out/>
</testsuite> <!-- scripts.TechGlobalValidationLoginFormCard -->
